*** Starting uWSGI 2.0.15-debian (64bit) on [Sun Apr 19 14:29:04 2020] ***
compiled with version: 7.3.0 on 28 September 2018 15:41:15
os: Linux-5.0.0-1031-gcp #32-Ubuntu SMP Tue Feb 11 03:55:48 UTC 2020
nodename: peanuts-gcp
machine: x86_64
clock source: unix
pcre jit disabled
detected number of CPU cores: 1
current working directory: /root/Workspace/NittanyPath
writing pidfile to uwsgi.pid
detected binary path: /usr/bin/uwsgi-core
dropping root privileges as early as possible
uWSGI running as root, you can use --uid/--gid/--chroot options
*** WARNING: you are running uWSGI as root !!! (use the --uid flag) *** 
chdir() to /root/Workspace/NittanyPath/nittanypath
your processes number limit is 14648
your memory page size is 4096 bytes
detected max file descriptor number: 1000000
lock engine: pthread robust mutexes
thunder lock: disabled (you can enable it with --thunder-lock)
dropping root privileges after socket binding
uWSGI running as root, you can use --uid/--gid/--chroot options
*** WARNING: you are running uWSGI as root !!! (use the --uid flag) *** 
dropping root privileges after plugin initialization
uWSGI running as root, you can use --uid/--gid/--chroot options
*** WARNING: you are running uWSGI as root !!! (use the --uid flag) *** 
The -s/--socket option is missing and stdin is not a socket.
*** Starting uWSGI 2.0.18 (64bit) on [Sun Apr 19 14:29:38 2020] ***
compiled with version: 7.5.0 on 19 April 2020 05:17:14
os: Linux-5.0.0-1031-gcp #32-Ubuntu SMP Tue Feb 11 03:55:48 UTC 2020
nodename: peanuts-gcp
machine: x86_64
clock source: unix
pcre jit disabled
detected number of CPU cores: 1
current working directory: /root/Workspace/NittanyPath
writing pidfile to uwsgi.pid
detected binary path: /root/Workspace/NittanyPath/venv/bin/uwsgi
uWSGI running as root, you can use --uid/--gid/--chroot options
*** WARNING: you are running uWSGI as root !!! (use the --uid flag) *** 
chdir() to /root/Workspace/NittanyPath/nittanypath
your processes number limit is 14648
your memory page size is 4096 bytes
detected max file descriptor number: 1000000
lock engine: pthread robust mutexes
thunder lock: disabled (you can enable it with --thunder-lock)
uWSGI http bound on :8000 fd 4
uwsgi socket 0 bound to TCP address 127.0.0.1:15547 (port auto-assigned) fd 3
uWSGI running as root, you can use --uid/--gid/--chroot options
*** WARNING: you are running uWSGI as root !!! (use the --uid flag) *** 
Python version: 3.6.9 (default, Nov  7 2019, 10:44:02)  [GCC 8.3.0]
PEP 405 virtualenv detected: /root/Workspace/NittanyPath/venv
Set PythonHome to /root/Workspace/NittanyPath/venv
*** Python threads support is disabled. You can enable it with --enable-threads ***
Python main interpreter initialized at 0x5558bdcf8dc0
uWSGI running as root, you can use --uid/--gid/--chroot options
*** WARNING: you are running uWSGI as root !!! (use the --uid flag) *** 
your server socket listen backlog is limited to 100 connections
your mercy for graceful operations on workers is 60 seconds
mapped 364600 bytes (356 KB) for 4 cores
*** Operational MODE: preforking ***
WSGI app 0 (mountpoint='') ready in 0 seconds on interpreter 0x5558bdcf8dc0 pid: 3603 (default app)
uWSGI running as root, you can use --uid/--gid/--chroot options
*** WARNING: you are running uWSGI as root !!! (use the --uid flag) *** 
*** uWSGI is running in multiple interpreter mode ***
spawned uWSGI master process (pid: 3603)
spawned uWSGI worker 1 (pid: 3605, cores: 1)
spawned uWSGI worker 2 (pid: 3606, cores: 1)
spawned uWSGI worker 3 (pid: 3607, cores: 1)
spawned uWSGI worker 4 (pid: 3608, cores: 1)
spawned uWSGI http 1 (pid: 3609)
[pid: 3605|app: 0|req: 1/1] 127.0.0.1 () {48 vars in 1191 bytes} [Sun Apr 19 14:30:22 2020] GET / => generated 2324 bytes in 28 msecs (HTTP/1.0 200) 4 headers in 137 bytes (1 switches on core 0)
[pid: 3605|app: 0|req: 2/2] 127.0.0.1 () {48 vars in 1189 bytes} [Sun Apr 19 14:30:54 2020] GET / => generated 2324 bytes in 1 msecs (HTTP/1.0 200) 4 headers in 137 bytes (1 switches on core 0)
SIGINT/SIGQUIT received...killing workers...
gateway "uWSGI http 1" has been buried (pid: 3609)
worker 1 buried after 2 seconds
worker 2 buried after 2 seconds
worker 3 buried after 2 seconds
worker 4 buried after 2 seconds
goodbye to uWSGI.
VACUUM: pidfile removed.
*** Starting uWSGI 2.0.15-debian (64bit) on [Sun Apr 19 14:32:36 2020] ***
compiled with version: 7.3.0 on 28 September 2018 15:41:15
os: Linux-5.0.0-1031-gcp #32-Ubuntu SMP Tue Feb 11 03:55:48 UTC 2020
nodename: peanuts-gcp
machine: x86_64
clock source: unix
pcre jit disabled
detected number of CPU cores: 1
current working directory: /root/Workspace/NittanyPath
writing pidfile to uwsgi.pid
detected binary path: /usr/bin/uwsgi-core
dropping root privileges as early as possible
uWSGI running as root, you can use --uid/--gid/--chroot options
*** WARNING: you are running uWSGI as root !!! (use the --uid flag) *** 
chdir() to /root/Workspace/NittanyPath/nittanypath
your processes number limit is 14648
your memory page size is 4096 bytes
detected max file descriptor number: 1000000
lock engine: pthread robust mutexes
thunder lock: disabled (you can enable it with --thunder-lock)
dropping root privileges after socket binding
uWSGI running as root, you can use --uid/--gid/--chroot options
*** WARNING: you are running uWSGI as root !!! (use the --uid flag) *** 
dropping root privileges after plugin initialization
uWSGI running as root, you can use --uid/--gid/--chroot options
*** WARNING: you are running uWSGI as root !!! (use the --uid flag) *** 
The -s/--socket option is missing and stdin is not a socket.
*** Starting uWSGI 2.0.15-debian (64bit) on [Sun Apr 19 14:37:44 2020] ***
compiled with version: 7.3.0 on 28 September 2018 15:41:15
os: Linux-5.0.0-1031-gcp #32-Ubuntu SMP Tue Feb 11 03:55:48 UTC 2020
nodename: peanuts-gcp
machine: x86_64
clock source: unix
pcre jit disabled
detected number of CPU cores: 1
current working directory: /root/Workspace/NittanyPath
writing pidfile to uwsgi.pid
detected binary path: /usr/bin/uwsgi-core
dropping root privileges as early as possible
uWSGI running as root, you can use --uid/--gid/--chroot options
*** WARNING: you are running uWSGI as root !!! (use the --uid flag) *** 
chdir() to /root/Workspace/NittanyPath/nittanypath
your processes number limit is 14648
your memory page size is 4096 bytes
detected max file descriptor number: 1000000
lock engine: pthread robust mutexes
thunder lock: disabled (you can enable it with --thunder-lock)
dropping root privileges after socket binding
uWSGI running as root, you can use --uid/--gid/--chroot options
*** WARNING: you are running uWSGI as root !!! (use the --uid flag) *** 
dropping root privileges after plugin initialization
uWSGI running as root, you can use --uid/--gid/--chroot options
*** WARNING: you are running uWSGI as root !!! (use the --uid flag) *** 
The -s/--socket option is missing and stdin is not a socket.
*** Starting uWSGI 2.0.15-debian (64bit) on [Sun Apr 19 14:40:34 2020] ***
compiled with version: 7.3.0 on 28 September 2018 15:41:15
os: Linux-5.0.0-1031-gcp #32-Ubuntu SMP Tue Feb 11 03:55:48 UTC 2020
nodename: peanuts-gcp
machine: x86_64
clock source: unix
pcre jit disabled
detected number of CPU cores: 1
current working directory: /root/Workspace/NittanyPath
writing pidfile to uwsgi.pid
detected binary path: /usr/bin/uwsgi-core
dropping root privileges as early as possible
uWSGI running as root, you can use --uid/--gid/--chroot options
*** WARNING: you are running uWSGI as root !!! (use the --uid flag) *** 
chdir() to /root/Workspace/NittanyPath/nittanypath
your processes number limit is 14648
your memory page size is 4096 bytes
detected max file descriptor number: 1000000
lock engine: pthread robust mutexes
thunder lock: disabled (you can enable it with --thunder-lock)
uwsgi socket 0 bound to TCP address 127.0.0.1:8000 fd 3
dropping root privileges after socket binding
uWSGI running as root, you can use --uid/--gid/--chroot options
*** WARNING: you are running uWSGI as root !!! (use the --uid flag) *** 
dropping root privileges after plugin initialization
uWSGI running as root, you can use --uid/--gid/--chroot options
*** WARNING: you are running uWSGI as root !!! (use the --uid flag) *** 
your server socket listen backlog is limited to 100 connections
your mercy for graceful operations on workers is 60 seconds
mapped 363840 bytes (355 KB) for 4 cores
*** Operational MODE: preforking ***
*** no app loaded. going in full dynamic mode ***
dropping root privileges after application loading
uWSGI running as root, you can use --uid/--gid/--chroot options
*** WARNING: you are running uWSGI as root !!! (use the --uid flag) *** 
*** uWSGI is running in multiple interpreter mode ***
!!!!!!!!!!!!!! WARNING !!!!!!!!!!!!!!
no request plugin is loaded, you will not be able to manage requests.
you may need to install the package for your language of choice, or simply load it with --plugin.
!!!!!!!!!!! END OF WARNING !!!!!!!!!!
spawned uWSGI master process (pid: 3949)
spawned uWSGI worker 1 (pid: 3950, cores: 1)
spawned uWSGI worker 2 (pid: 3951, cores: 1)
spawned uWSGI worker 3 (pid: 3952, cores: 1)
spawned uWSGI worker 4 (pid: 3953, cores: 1)
-- unavailable modifier requested: 0 --
SIGINT/SIGQUIT received...killing workers...
worker 1 buried after 1 seconds
worker 2 buried after 1 seconds
worker 3 buried after 1 seconds
worker 4 buried after 1 seconds
goodbye to uWSGI.
VACUUM: pidfile removed.
